<?xml version="1.0" encoding="UTF-8"?>
<testsuite xmlns:xsi="http://www.w3.org/2001/XMLSchema-instance" xsi:noNamespaceSchemaLocation="https://maven.apache.org/surefire/maven-surefire-plugin/xsd/surefire-test-report-3.0.xsd" version="3.0" name="tes.MyTest" time="2.024" tests="7" errors="0" skipped="0" failures="0">
  <properties>
    <property name="java.specification.version" value="17"/>
    <property name="sun.cpu.isalist" value="amd64"/>
    <property name="sun.jnu.encoding" value="GBK"/>
    <property name="java.class.path" value="C:\Users\亦樂\springMVCall\springmvc-006-ssm\target\test-classes;C:\Users\亦樂\springMVCall\springmvc-006-ssm\target\classes;D:\work\maven_work\repository\org\springframework\spring-context\6.0.6\spring-context-6.0.6.jar;D:\work\maven_work\repository\org\springframework\spring-aop\6.0.6\spring-aop-6.0.6.jar;D:\work\maven_work\repository\org\springframework\spring-core\6.0.6\spring-core-6.0.6.jar;D:\work\maven_work\repository\org\springframework\spring-jcl\6.0.6\spring-jcl-6.0.6.jar;D:\work\maven_work\repository\org\springframework\spring-expression\6.0.6\spring-expression-6.0.6.jar;D:\work\maven_work\repository\org\springframework\spring-beans\6.0.6\spring-beans-6.0.6.jar;D:\work\maven_work\repository\org\springframework\spring-webmvc\6.0.6\spring-webmvc-6.0.6.jar;D:\work\maven_work\repository\org\springframework\spring-web\6.0.6\spring-web-6.0.6.jar;D:\work\maven_work\repository\io\micrometer\micrometer-observation\1.10.4\micrometer-observation-1.10.4.jar;D:\work\maven_work\repository\io\micrometer\micrometer-commons\1.10.4\micrometer-commons-1.10.4.jar;D:\work\maven_work\repository\org\springframework\spring-jdbc\6.0.6\spring-jdbc-6.0.6.jar;D:\work\maven_work\repository\org\springframework\spring-tx\6.0.6\spring-tx-6.0.6.jar;D:\work\maven_work\repository\org\springframework\spring-aspects\6.0.6\spring-aspects-6.0.6.jar;D:\work\maven_work\repository\org\aspectj\aspectjweaver\1.9.9.1\aspectjweaver-1.9.9.1.jar;D:\work\maven_work\repository\org\springframework\spring-jms\6.0.6\spring-jms-6.0.6.jar;D:\work\maven_work\repository\org\springframework\spring-messaging\6.0.6\spring-messaging-6.0.6.jar;D:\work\maven_work\repository\org\springframework\spring-context-support\6.0.6\spring-context-support-6.0.6.jar;D:\work\maven_work\repository\org\springframework\spring-test\6.0.6\spring-test-6.0.6.jar;D:\work\maven_work\repository\org\mybatis\mybatis\3.5.10\mybatis-3.5.10.jar;D:\work\maven_work\repository\org\mybatis\mybatis-spring\3.0.1\mybatis-spring-3.0.1.jar;D:\work\maven_work\repository\com\github\miemiedev\mybatis-paginator\1.2.17\mybatis-paginator-1.2.17.jar;D:\work\maven_work\repository\org\slf4j\slf4j-api\1.7.2\slf4j-api-1.7.2.jar;D:\work\maven_work\repository\com\github\pagehelper\pagehelper\5.3.2\pagehelper-5.3.2.jar;D:\work\maven_work\repository\com\github\jsqlparser\jsqlparser\4.5\jsqlparser-4.5.jar;D:\work\maven_work\repository\com\mysql\mysql-connector-j\8.0.32\mysql-connector-j-8.0.32.jar;D:\work\maven_work\repository\com\google\protobuf\protobuf-java\3.21.9\protobuf-java-3.21.9.jar;D:\work\maven_work\repository\com\alibaba\druid\1.2.12\druid-1.2.12.jar;D:\work\maven_work\repository\junit\junit\4.13.2\junit-4.13.2.jar;D:\work\maven_work\repository\org\hamcrest\hamcrest-core\1.3\hamcrest-core-1.3.jar;D:\work\maven_work\repository\ch\qos\logback\logback-classic\1.2.11\logback-classic-1.2.11.jar;D:\work\maven_work\repository\ch\qos\logback\logback-core\1.2.11\logback-core-1.2.11.jar;D:\work\maven_work\repository\org\glassfish\web\jakarta.servlet.jsp.jstl\3.0.1\jakarta.servlet.jsp.jstl-3.0.1.jar;D:\work\maven_work\repository\jakarta\servlet\jakarta.servlet-api\6.0.0\jakarta.servlet-api-6.0.0.jar;D:\work\maven_work\repository\jakarta\servlet\jsp\jakarta.servlet.jsp-api\3.0.0\jakarta.servlet.jsp-api-3.0.0.jar;D:\work\maven_work\repository\com\fasterxml\jackson\core\jackson-databind\2.14.2\jackson-databind-2.14.2.jar;D:\work\maven_work\repository\com\fasterxml\jackson\core\jackson-annotations\2.14.2\jackson-annotations-2.14.2.jar;D:\work\maven_work\repository\com\fasterxml\jackson\core\jackson-core\2.14.2\jackson-core-2.14.2.jar;"/>
    <property name="java.vm.vendor" value="Oracle Corporation"/>
    <property name="sun.arch.data.model" value="64"/>
    <property name="user.variant" value=""/>
    <property name="java.vendor.url" value="https://java.oracle.com/"/>
    <property name="user.timezone" value="Asia/Shanghai"/>
    <property name="os.name" value="Windows 11"/>
    <property name="java.vm.specification.version" value="17"/>
    <property name="sun.java.launcher" value="SUN_STANDARD"/>
    <property name="user.country" value="CN"/>
    <property name="sun.boot.library.path" value="C:\Program Files\Java\jdk-17.0.5\bin"/>
    <property name="sun.java.command" value="C:\Users\亦樂\AppData\Local\Temp\surefire6498901374891584698\surefirebooter-20230525125350309_3.jar C:\Users\亦樂\AppData\Local\Temp\surefire6498901374891584698 2023-05-25T12-53-50_163-jvmRun1 surefire-20230525125350309_1tmp surefire_0-20230525125350309_2tmp"/>
    <property name="jdk.debug" value="release"/>
    <property name="surefire.test.class.path" value="C:\Users\亦樂\springMVCall\springmvc-006-ssm\target\test-classes;C:\Users\亦樂\springMVCall\springmvc-006-ssm\target\classes;D:\work\maven_work\repository\org\springframework\spring-context\6.0.6\spring-context-6.0.6.jar;D:\work\maven_work\repository\org\springframework\spring-aop\6.0.6\spring-aop-6.0.6.jar;D:\work\maven_work\repository\org\springframework\spring-core\6.0.6\spring-core-6.0.6.jar;D:\work\maven_work\repository\org\springframework\spring-jcl\6.0.6\spring-jcl-6.0.6.jar;D:\work\maven_work\repository\org\springframework\spring-expression\6.0.6\spring-expression-6.0.6.jar;D:\work\maven_work\repository\org\springframework\spring-beans\6.0.6\spring-beans-6.0.6.jar;D:\work\maven_work\repository\org\springframework\spring-webmvc\6.0.6\spring-webmvc-6.0.6.jar;D:\work\maven_work\repository\org\springframework\spring-web\6.0.6\spring-web-6.0.6.jar;D:\work\maven_work\repository\io\micrometer\micrometer-observation\1.10.4\micrometer-observation-1.10.4.jar;D:\work\maven_work\repository\io\micrometer\micrometer-commons\1.10.4\micrometer-commons-1.10.4.jar;D:\work\maven_work\repository\org\springframework\spring-jdbc\6.0.6\spring-jdbc-6.0.6.jar;D:\work\maven_work\repository\org\springframework\spring-tx\6.0.6\spring-tx-6.0.6.jar;D:\work\maven_work\repository\org\springframework\spring-aspects\6.0.6\spring-aspects-6.0.6.jar;D:\work\maven_work\repository\org\aspectj\aspectjweaver\1.9.9.1\aspectjweaver-1.9.9.1.jar;D:\work\maven_work\repository\org\springframework\spring-jms\6.0.6\spring-jms-6.0.6.jar;D:\work\maven_work\repository\org\springframework\spring-messaging\6.0.6\spring-messaging-6.0.6.jar;D:\work\maven_work\repository\org\springframework\spring-context-support\6.0.6\spring-context-support-6.0.6.jar;D:\work\maven_work\repository\org\springframework\spring-test\6.0.6\spring-test-6.0.6.jar;D:\work\maven_work\repository\org\mybatis\mybatis\3.5.10\mybatis-3.5.10.jar;D:\work\maven_work\repository\org\mybatis\mybatis-spring\3.0.1\mybatis-spring-3.0.1.jar;D:\work\maven_work\repository\com\github\miemiedev\mybatis-paginator\1.2.17\mybatis-paginator-1.2.17.jar;D:\work\maven_work\repository\org\slf4j\slf4j-api\1.7.2\slf4j-api-1.7.2.jar;D:\work\maven_work\repository\com\github\pagehelper\pagehelper\5.3.2\pagehelper-5.3.2.jar;D:\work\maven_work\repository\com\github\jsqlparser\jsqlparser\4.5\jsqlparser-4.5.jar;D:\work\maven_work\repository\com\mysql\mysql-connector-j\8.0.32\mysql-connector-j-8.0.32.jar;D:\work\maven_work\repository\com\google\protobuf\protobuf-java\3.21.9\protobuf-java-3.21.9.jar;D:\work\maven_work\repository\com\alibaba\druid\1.2.12\druid-1.2.12.jar;D:\work\maven_work\repository\junit\junit\4.13.2\junit-4.13.2.jar;D:\work\maven_work\repository\org\hamcrest\hamcrest-core\1.3\hamcrest-core-1.3.jar;D:\work\maven_work\repository\ch\qos\logback\logback-classic\1.2.11\logback-classic-1.2.11.jar;D:\work\maven_work\repository\ch\qos\logback\logback-core\1.2.11\logback-core-1.2.11.jar;D:\work\maven_work\repository\org\glassfish\web\jakarta.servlet.jsp.jstl\3.0.1\jakarta.servlet.jsp.jstl-3.0.1.jar;D:\work\maven_work\repository\jakarta\servlet\jakarta.servlet-api\6.0.0\jakarta.servlet-api-6.0.0.jar;D:\work\maven_work\repository\jakarta\servlet\jsp\jakarta.servlet.jsp-api\3.0.0\jakarta.servlet.jsp-api-3.0.0.jar;D:\work\maven_work\repository\com\fasterxml\jackson\core\jackson-databind\2.14.2\jackson-databind-2.14.2.jar;D:\work\maven_work\repository\com\fasterxml\jackson\core\jackson-annotations\2.14.2\jackson-annotations-2.14.2.jar;D:\work\maven_work\repository\com\fasterxml\jackson\core\jackson-core\2.14.2\jackson-core-2.14.2.jar;"/>
    <property name="sun.cpu.endian" value="little"/>
    <property name="user.home" value="C:\Users\亦樂"/>
    <property name="user.language" value="zh"/>
    <property name="java.specification.vendor" value="Oracle Corporation"/>
    <property name="java.version.date" value="2022-10-18"/>
    <property name="java.home" value="C:\Program Files\Java\jdk-17.0.5"/>
    <property name="file.separator" value="\"/>
    <property name="basedir" value="C:\Users\亦樂\springMVCall\springmvc-006-ssm"/>
    <property name="java.vm.compressedOopsMode" value="Zero based"/>
    <property name="line.separator" value="&#10;"/>
    <property name="java.vm.specification.vendor" value="Oracle Corporation"/>
    <property name="java.specification.name" value="Java Platform API Specification"/>
    <property name="surefire.real.class.path" value="C:\Users\亦樂\AppData\Local\Temp\surefire6498901374891584698\surefirebooter-20230525125350309_3.jar"/>
    <property name="user.script" value=""/>
    <property name="sun.management.compiler" value="HotSpot 64-Bit Tiered Compilers"/>
    <property name="java.runtime.version" value="17.0.5+9-LTS-191"/>
    <property name="user.name" value="亦樂"/>
    <property name="path.separator" value=";"/>
    <property name="os.version" value="10.0"/>
    <property name="java.runtime.name" value="Java(TM) SE Runtime Environment"/>
    <property name="file.encoding" value="GBK"/>
    <property name="java.vm.name" value="Java HotSpot(TM) 64-Bit Server VM"/>
    <property name="localRepository" value="D:\work\maven_work\repository"/>
    <property name="java.vendor.url.bug" value="https://bugreport.java.com/bugreport/"/>
    <property name="java.io.tmpdir" value="C:\Users\亦樂\AppData\Local\Temp\"/>
    <property name="idea.version" value="2022.2.3"/>
    <property name="java.version" value="17.0.5"/>
    <property name="user.dir" value="C:\Users\亦樂\springMVCall\springmvc-006-ssm"/>
    <property name="os.arch" value="amd64"/>
    <property name="java.vm.specification.name" value="Java Virtual Machine Specification"/>
    <property name="sun.os.patch.level" value=""/>
    <property name="native.encoding" value="GBK"/>
    <property name="java.library.path" value="C:\Program Files\Java\jdk-17.0.5\bin;C:\Windows\Sun\Java\bin;C:\Windows\system32;C:\Windows;C:\Program Files\Common Files\Oracle\Java\javapath;C:\Windows\system32;C:\Windows;C:\Windows\System32\Wbem;C:\Windows\System32\WindowsPowerShell\v1.0\;C:\Windows\System32\OpenSSH\;C:\Program Files\MySQL\MySQL Server 8.0\bin;C:\Program Files\Java\jdk-17.0.5\bin;C:\dev\apache-tomcat-11.0.0-M4\bin;C:\Program Files\nodejs\;C:\Program Files\MySQL\MySQL Shell 8.0\bin\;C:\Users\亦樂\AppData\Local\Microsoft\WindowsApps;;C:\Users\亦樂\AppData\Local\Programs\Microsoft VS Code\bin;C:\Users\亦樂\AppData\Roaming\npm;."/>
    <property name="java.vm.info" value="mixed mode, sharing"/>
    <property name="java.vendor" value="Oracle Corporation"/>
    <property name="java.vm.version" value="17.0.5+9-LTS-191"/>
    <property name="sun.io.unicode.encoding" value="UnicodeLittle"/>
    <property name="java.class.version" value="61.0"/>
  </properties>
  <testcase name="textQueryUserPage" classname="tes.MyTest" time="0.654">
    <system-out><![CDATA[12:53:51.055 [main] DEBUG org.springframework.test.context.support.DefaultTestContextBootstrapper - Using ContextCustomizers for test class [MyTest]: []
12:53:51.086 [main] DEBUG org.springframework.test.context.support.DefaultTestContextBootstrapper - Using TestExecutionListeners for test class [MyTest]: [ServletTestExecutionListener, DirtiesContextBeforeModesTestExecutionListener, ApplicationEventsTestExecutionListener, DependencyInjectionTestExecutionListener, DirtiesContextTestExecutionListener, TransactionalTestExecutionListener, SqlScriptsTestExecutionListener, EventPublishingTestExecutionListener]
12:53:51.088 [main] DEBUG org.springframework.test.annotation.ProfileValueUtils - Retrieved @ProfileValueSourceConfiguration [null] for test class [tes.MyTest]
12:53:51.089 [main] DEBUG org.springframework.test.annotation.ProfileValueUtils - Retrieved ProfileValueSource type [class org.springframework.test.annotation.SystemProfileValueSource] for class [tes.MyTest]
12:53:51.090 [main] DEBUG org.springframework.test.annotation.ProfileValueUtils - Retrieved @ProfileValueSourceConfiguration [null] for test class [tes.MyTest]
12:53:51.090 [main] DEBUG org.springframework.test.annotation.ProfileValueUtils - Retrieved ProfileValueSource type [class org.springframework.test.annotation.SystemProfileValueSource] for class [tes.MyTest]
12:53:51.090 [main] DEBUG org.springframework.test.annotation.ProfileValueUtils - Retrieved @ProfileValueSourceConfiguration [null] for test class [tes.MyTest]
12:53:51.090 [main] DEBUG org.springframework.test.annotation.ProfileValueUtils - Retrieved ProfileValueSource type [class org.springframework.test.annotation.SystemProfileValueSource] for class [tes.MyTest]
12:53:51.091 [main] DEBUG org.springframework.test.annotation.ProfileValueUtils - Retrieved @ProfileValueSourceConfiguration [null] for test class [tes.MyTest]
12:53:51.091 [main] DEBUG org.springframework.test.annotation.ProfileValueUtils - Retrieved ProfileValueSource type [class org.springframework.test.annotation.SystemProfileValueSource] for class [tes.MyTest]
12:53:51.092 [main] DEBUG org.springframework.test.annotation.ProfileValueUtils - Retrieved @ProfileValueSourceConfiguration [null] for test class [tes.MyTest]
12:53:51.092 [main] DEBUG org.springframework.test.annotation.ProfileValueUtils - Retrieved ProfileValueSource type [class org.springframework.test.annotation.SystemProfileValueSource] for class [tes.MyTest]
12:53:51.094 [main] DEBUG org.springframework.test.context.support.AbstractDirtiesContextTestExecutionListener - Before test class: class [MyTest], class annotated with @DirtiesContext [false] with mode [null]
12:53:51.096 [main] DEBUG org.springframework.test.annotation.ProfileValueUtils - Retrieved @ProfileValueSourceConfiguration [null] for test class [tes.MyTest]
12:53:51.096 [main] DEBUG org.springframework.test.annotation.ProfileValueUtils - Retrieved ProfileValueSource type [class org.springframework.test.annotation.SystemProfileValueSource] for class [tes.MyTest]
12:53:51.098 [main] DEBUG org.springframework.test.context.support.DependencyInjectionTestExecutionListener - Performing dependency injection for test class tes.MyTest
12:53:51.099 [main] DEBUG org.springframework.test.context.support.AbstractGenericContextLoader - Loading ApplicationContext for test class tes.MyTest
12:53:51.147 [main] DEBUG org.springframework.core.env.StandardEnvironment - Activating profiles []
12:53:51.312 [main] DEBUG org.springframework.beans.factory.xml.XmlBeanDefinitionReader - Loaded 4 bean definitions from class path resource [applicationContext_mapper.xml]
12:53:51.387 [main] DEBUG org.springframework.context.annotation.ClassPathBeanDefinitionScanner - Identified candidate component class: file [C:\Users\亦樂\springMVCall\springmvc-006-ssm\target\classes\com\ruanda\service\impl\UserServiceImpl.class]
12:53:51.433 [main] DEBUG org.springframework.beans.factory.xml.XmlBeanDefinitionReader - Loaded 10 bean definitions from class path resource [applicationContext_service.xml]
12:53:51.434 [main] DEBUG org.springframework.context.support.GenericApplicationContext - Refreshing org.springframework.context.support.GenericApplicationContext@5dda768f
12:53:51.471 [main] DEBUG org.springframework.beans.factory.support.DefaultListableBeanFactory - Creating shared instance of singleton bean 'org.springframework.context.annotation.internalConfigurationAnnotationProcessor'
12:53:51.527 [main] DEBUG org.springframework.beans.factory.support.DefaultListableBeanFactory - Creating shared instance of singleton bean 'org.mybatis.spring.mapper.MapperScannerConfigurer#0'
12:53:51.556 [main] DEBUG org.apache.ibatis.logging.LogFactory - Logging initialized using 'class org.apache.ibatis.logging.commons.JakartaCommonsLoggingImpl' adapter.
12:53:51.563 [main] DEBUG org.mybatis.spring.mapper.ClassPathMapperScanner - Identified candidate component class: file [C:\Users\亦樂\springMVCall\springmvc-006-ssm\target\classes\com\ruanda\mapper\UserMapper.class]
12:53:51.566 [main] DEBUG org.mybatis.spring.mapper.ClassPathMapperScanner - Creating MapperFactoryBean with name 'userMapper' and 'com.ruanda.mapper.UserMapper' mapperInterface
12:53:51.571 [main] DEBUG org.mybatis.spring.mapper.ClassPathMapperScanner - Enabling autowire by type for MapperFactoryBean with name 'userMapper'.
12:53:51.574 [main] DEBUG org.springframework.beans.factory.support.DefaultListableBeanFactory - Creating shared instance of singleton bean 'org.springframework.context.support.PropertySourcesPlaceholderConfigurer#0'
12:53:51.583 [main] DEBUG org.springframework.core.env.PropertySourcesPropertyResolver - Found key 'jdbc.driver' in PropertySource 'localProperties' with value of type String
12:53:51.584 [main] DEBUG org.springframework.core.env.PropertySourcesPropertyResolver - Found key 'jdbc.url' in PropertySource 'localProperties' with value of type String
12:53:51.584 [main] DEBUG org.springframework.core.env.PropertySourcesPropertyResolver - Found key 'jdbc.username' in PropertySource 'localProperties' with value of type String
12:53:51.584 [main] DEBUG org.springframework.core.env.PropertySourcesPropertyResolver - Found key 'jdbc.password' in PropertySource 'localProperties' with value of type String
12:53:51.585 [main] DEBUG org.springframework.beans.factory.support.DefaultListableBeanFactory - Creating shared instance of singleton bean 'org.springframework.context.event.internalEventListenerProcessor'
12:53:51.588 [main] DEBUG org.springframework.beans.factory.support.DefaultListableBeanFactory - Creating shared instance of singleton bean 'org.springframework.context.event.internalEventListenerFactory'
12:53:51.590 [main] DEBUG org.springframework.beans.factory.support.DefaultListableBeanFactory - Creating shared instance of singleton bean 'org.springframework.context.annotation.internalAutowiredAnnotationProcessor'
12:53:51.593 [main] DEBUG org.springframework.beans.factory.support.DefaultListableBeanFactory - Creating shared instance of singleton bean 'org.springframework.aop.config.internalAutoProxyCreator'
12:53:51.611 [main] DEBUG org.springframework.beans.factory.support.DefaultListableBeanFactory - Creating shared instance of singleton bean 'dataSource'
12:53:51.612 [main] DEBUG org.springframework.beans.factory.support.DefaultListableBeanFactory - Creating shared instance of singleton bean 'org.springframework.aop.support.DefaultBeanFactoryPointcutAdvisor#0'
12:53:51.848 [main] DEBUG org.springframework.beans.factory.support.DefaultListableBeanFactory - Creating shared instance of singleton bean 'org.mybatis.spring.SqlSessionFactoryBean#0'
12:53:51.961 [main] DEBUG org.mybatis.spring.SqlSessionFactoryBean - Parsed configuration file: 'class path resource [SqlMapConfig.xml]'
12:53:51.962 [main] DEBUG org.mybatis.spring.SqlSessionFactoryBean - Property 'mapperLocations' was not specified.
12:53:51.968 [main] DEBUG org.springframework.beans.factory.support.DefaultListableBeanFactory - Creating shared instance of singleton bean 'userServiceImpl'
12:53:51.980 [main] DEBUG org.springframework.beans.factory.support.DefaultListableBeanFactory - Creating shared instance of singleton bean 'userMapper'
12:53:52.081 [main] DEBUG org.springframework.beans.factory.support.DefaultListableBeanFactory - Creating shared instance of singleton bean 'myadvice'
12:53:52.086 [main] DEBUG org.springframework.beans.factory.support.DefaultListableBeanFactory - Creating shared instance of singleton bean 'transactionManager'
12:53:52.101 [main] DEBUG org.springframework.transaction.interceptor.NameMatchTransactionAttributeSource - Adding transactional method [*select*] with attribute [PROPAGATION_REQUIRED,ISOLATION_DEFAULT,readOnly]
12:53:52.101 [main] DEBUG org.springframework.transaction.interceptor.NameMatchTransactionAttributeSource - Adding transactional method [*find*] with attribute [PROPAGATION_REQUIRED,ISOLATION_DEFAULT,readOnly]
12:53:52.101 [main] DEBUG org.springframework.transaction.interceptor.NameMatchTransactionAttributeSource - Adding transactional method [*serach*] with attribute [PROPAGATION_REQUIRED,ISOLATION_DEFAULT,readOnly]
12:53:52.101 [main] DEBUG org.springframework.transaction.interceptor.NameMatchTransactionAttributeSource - Adding transactional method [*get*] with attribute [PROPAGATION_REQUIRED,ISOLATION_DEFAULT,readOnly]
12:53:52.102 [main] DEBUG org.springframework.transaction.interceptor.NameMatchTransactionAttributeSource - Adding transactional method [*insert*] with attribute [PROPAGATION_REQUIRED,ISOLATION_DEFAULT]
12:53:52.102 [main] DEBUG org.springframework.transaction.interceptor.NameMatchTransactionAttributeSource - Adding transactional method [*add*] with attribute [PROPAGATION_REQUIRED,ISOLATION_DEFAULT]
12:53:52.102 [main] DEBUG org.springframework.transaction.interceptor.NameMatchTransactionAttributeSource - Adding transactional method [*save*] with attribute [PROPAGATION_REQUIRED,ISOLATION_DEFAULT]
12:53:52.102 [main] DEBUG org.springframework.transaction.interceptor.NameMatchTransactionAttributeSource - Adding transactional method [*set*] with attribute [PROPAGATION_REQUIRED,ISOLATION_DEFAULT]
12:53:52.102 [main] DEBUG org.springframework.transaction.interceptor.NameMatchTransactionAttributeSource - Adding transactional method [*update*] with attribute [PROPAGATION_REQUIRED,ISOLATION_DEFAULT]
12:53:52.102 [main] DEBUG org.springframework.transaction.interceptor.NameMatchTransactionAttributeSource - Adding transactional method [*change*] with attribute [PROPAGATION_REQUIRED,ISOLATION_DEFAULT]
12:53:52.102 [main] DEBUG org.springframework.transaction.interceptor.NameMatchTransactionAttributeSource - Adding transactional method [*modify*] with attribute [PROPAGATION_REQUIRED,ISOLATION_DEFAULT]
12:53:52.102 [main] DEBUG org.springframework.transaction.interceptor.NameMatchTransactionAttributeSource - Adding transactional method [*delete*] with attribute [PROPAGATION_REQUIRED,ISOLATION_DEFAULT]
12:53:52.102 [main] DEBUG org.springframework.transaction.interceptor.NameMatchTransactionAttributeSource - Adding transactional method [*drop*] with attribute [PROPAGATION_REQUIRED,ISOLATION_DEFAULT]
12:53:52.102 [main] DEBUG org.springframework.transaction.interceptor.NameMatchTransactionAttributeSource - Adding transactional method [*remove*] with attribute [PROPAGATION_REQUIRED,ISOLATION_DEFAULT]
12:53:52.102 [main] DEBUG org.springframework.transaction.interceptor.NameMatchTransactionAttributeSource - Adding transactional method [*clear*] with attribute [PROPAGATION_REQUIRED,ISOLATION_DEFAULT]
12:53:52.102 [main] DEBUG org.springframework.transaction.interceptor.NameMatchTransactionAttributeSource - Adding transactional method [*] with attribute [PROPAGATION_SUPPORTS,ISOLATION_DEFAULT]
12:53:52.136 [main] DEBUG org.springframework.test.context.cache - Spring test ApplicationContext cache statistics: [DefaultContextCache@323659f8 size = 1, maxSize = 32, parentContextCount = 0, hitCount = 0, missCount = 1]
12:53:52.140 [main] DEBUG org.springframework.test.context.cache - Spring test ApplicationContext cache statistics: [DefaultContextCache@323659f8 size = 1, maxSize = 32, parentContextCount = 0, hitCount = 1, missCount = 1]
12:53:52.145 [main] DEBUG org.springframework.test.context.support.AbstractDirtiesContextTestExecutionListener - Before test method: class [MyTest], method [textQueryUserPage], class annotated with @DirtiesContext [false] with mode [null], method annotated with @DirtiesContext [false] with mode [null]
12:53:52.154 [main] DEBUG org.springframework.test.context.cache - Spring test ApplicationContext cache statistics: [DefaultContextCache@323659f8 size = 1, maxSize = 32, parentContextCount = 0, hitCount = 2, missCount = 1]
12:53:52.155 [main] DEBUG org.springframework.test.context.cache - Spring test ApplicationContext cache statistics: [DefaultContextCache@323659f8 size = 1, maxSize = 32, parentContextCount = 0, hitCount = 3, missCount = 1]
12:53:52.172 [main] DEBUG org.mybatis.spring.SqlSessionUtils - Creating a new SqlSession
12:53:52.178 [main] DEBUG org.mybatis.spring.SqlSessionUtils - Registering transaction synchronization for SqlSession [org.apache.ibatis.session.defaults.DefaultSqlSession@464a4442]
12:53:52.189 [main] DEBUG org.springframework.jdbc.datasource.DataSourceUtils - Fetching JDBC Connection from DataSource
12:53:52.309 [main] INFO com.alibaba.druid.pool.DruidDataSource - {dataSource-1} inited
12:53:52.726 [main] DEBUG org.mybatis.spring.transaction.SpringManagedTransaction - JDBC Connection [com.mysql.cj.jdbc.ConnectionImpl@51e0301d] will be managed by Spring
12:53:52.733 [main] DEBUG com.ruanda.mapper.UserMapper.queryUserPage - ==>  Preparing: select user_id,card_type,card_no,user_name,user_sex,user_age,user_role from user order by user_id desc limit ?,5
12:53:52.757 [main] DEBUG com.ruanda.mapper.UserMapper.queryUserPage - ==> Parameters: 5(Integer)
12:53:52.789 [main] DEBUG com.ruanda.mapper.UserMapper.queryUserPage - <==      Total: 5
12:53:52.791 [main] DEBUG org.mybatis.spring.SqlSessionUtils - Releasing transactional SqlSession [org.apache.ibatis.session.defaults.DefaultSqlSession@464a4442]
12:53:52.792 [main] DEBUG org.mybatis.spring.SqlSessionUtils - Transaction synchronization deregistering SqlSession [org.apache.ibatis.session.defaults.DefaultSqlSession@464a4442]
12:53:52.792 [main] DEBUG org.mybatis.spring.SqlSessionUtils - Transaction synchronization closing SqlSession [org.apache.ibatis.session.defaults.DefaultSqlSession@464a4442]
12:53:52.795 [main] DEBUG org.springframework.test.context.cache - Spring test ApplicationContext cache statistics: [DefaultContextCache@323659f8 size = 1, maxSize = 32, parentContextCount = 0, hitCount = 4, missCount = 1]
12:53:52.797 [main] DEBUG org.springframework.test.context.cache - Spring test ApplicationContext cache statistics: [DefaultContextCache@323659f8 size = 1, maxSize = 32, parentContextCount = 0, hitCount = 5, missCount = 1]
12:53:52.797 [main] DEBUG org.springframework.test.context.support.AbstractDirtiesContextTestExecutionListener - After test method: class [MyTest], method [textQueryUserPage], class annotated with @DirtiesContext [false] with mode [null], method annotated with @DirtiesContext [false] with mode [null]
]]></system-out>
  </testcase>
  <testcase name="testcreateUser" classname="tes.MyTest" time="0.008">
    <system-out><![CDATA[12:53:52.797 [main] DEBUG org.springframework.test.annotation.ProfileValueUtils - Retrieved @ProfileValueSourceConfiguration [null] for test class [tes.MyTest]
12:53:52.797 [main] DEBUG org.springframework.test.annotation.ProfileValueUtils - Retrieved ProfileValueSource type [class org.springframework.test.annotation.SystemProfileValueSource] for class [tes.MyTest]
12:53:52.797 [main] DEBUG org.springframework.test.context.support.DependencyInjectionTestExecutionListener - Performing dependency injection for test class tes.MyTest
12:53:52.798 [main] DEBUG org.springframework.test.context.cache - Spring test ApplicationContext cache statistics: [DefaultContextCache@323659f8 size = 1, maxSize = 32, parentContextCount = 0, hitCount = 6, missCount = 1]
12:53:52.798 [main] DEBUG org.springframework.test.context.cache - Spring test ApplicationContext cache statistics: [DefaultContextCache@323659f8 size = 1, maxSize = 32, parentContextCount = 0, hitCount = 7, missCount = 1]
12:53:52.799 [main] DEBUG org.springframework.test.context.support.AbstractDirtiesContextTestExecutionListener - Before test method: class [MyTest], method [testcreateUser], class annotated with @DirtiesContext [false] with mode [null], method annotated with @DirtiesContext [false] with mode [null]
12:53:52.799 [main] DEBUG org.springframework.test.context.cache - Spring test ApplicationContext cache statistics: [DefaultContextCache@323659f8 size = 1, maxSize = 32, parentContextCount = 0, hitCount = 8, missCount = 1]
12:53:52.799 [main] DEBUG org.springframework.test.context.cache - Spring test ApplicationContext cache statistics: [DefaultContextCache@323659f8 size = 1, maxSize = 32, parentContextCount = 0, hitCount = 9, missCount = 1]
12:53:52.800 [main] DEBUG org.mybatis.spring.SqlSessionUtils - Creating a new SqlSession
12:53:52.800 [main] DEBUG org.mybatis.spring.SqlSessionUtils - Registering transaction synchronization for SqlSession [org.apache.ibatis.session.defaults.DefaultSqlSession@1d25c1c]
12:53:52.800 [main] DEBUG org.springframework.jdbc.datasource.DataSourceUtils - Fetching JDBC Connection from DataSource
12:53:52.800 [main] DEBUG org.mybatis.spring.transaction.SpringManagedTransaction - JDBC Connection [com.mysql.cj.jdbc.ConnectionImpl@51e0301d] will be managed by Spring
12:53:52.800 [main] DEBUG com.ruanda.mapper.UserMapper.createUser - ==>  Preparing: insert into user values(?,?,?,?,?,?,?)
12:53:52.801 [main] DEBUG com.ruanda.mapper.UserMapper.createUser - ==> Parameters: 1234561231545(String), 身份证(String), 4354231265(String), 天湖(String), 男(String), 23(String), 工人(String)
12:53:52.806 [main] DEBUG com.ruanda.mapper.UserMapper.createUser - <==    Updates: 1
12:53:52.807 [main] DEBUG org.mybatis.spring.SqlSessionUtils - Releasing transactional SqlSession [org.apache.ibatis.session.defaults.DefaultSqlSession@1d25c1c]
12:53:52.807 [main] DEBUG org.mybatis.spring.SqlSessionUtils - Transaction synchronization deregistering SqlSession [org.apache.ibatis.session.defaults.DefaultSqlSession@1d25c1c]
12:53:52.807 [main] DEBUG org.mybatis.spring.SqlSessionUtils - Transaction synchronization closing SqlSession [org.apache.ibatis.session.defaults.DefaultSqlSession@1d25c1c]
1
12:53:52.807 [main] DEBUG org.springframework.test.context.cache - Spring test ApplicationContext cache statistics: [DefaultContextCache@323659f8 size = 1, maxSize = 32, parentContextCount = 0, hitCount = 10, missCount = 1]
12:53:52.807 [main] DEBUG org.springframework.test.context.cache - Spring test ApplicationContext cache statistics: [DefaultContextCache@323659f8 size = 1, maxSize = 32, parentContextCount = 0, hitCount = 11, missCount = 1]
12:53:52.807 [main] DEBUG org.springframework.test.context.support.AbstractDirtiesContextTestExecutionListener - After test method: class [MyTest], method [testcreateUser], class annotated with @DirtiesContext [false] with mode [null], method annotated with @DirtiesContext [false] with mode [null]
]]></system-out>
  </testcase>
  <testcase name="testSelectUserPage" classname="tes.MyTest" time="0.037">
    <system-out><![CDATA[12:53:52.808 [main] DEBUG org.springframework.test.annotation.ProfileValueUtils - Retrieved @ProfileValueSourceConfiguration [null] for test class [tes.MyTest]
12:53:52.808 [main] DEBUG org.springframework.test.annotation.ProfileValueUtils - Retrieved ProfileValueSource type [class org.springframework.test.annotation.SystemProfileValueSource] for class [tes.MyTest]
12:53:52.808 [main] DEBUG org.springframework.test.context.support.DependencyInjectionTestExecutionListener - Performing dependency injection for test class tes.MyTest
12:53:52.808 [main] DEBUG org.springframework.test.context.cache - Spring test ApplicationContext cache statistics: [DefaultContextCache@323659f8 size = 1, maxSize = 32, parentContextCount = 0, hitCount = 12, missCount = 1]
12:53:52.808 [main] DEBUG org.springframework.test.context.cache - Spring test ApplicationContext cache statistics: [DefaultContextCache@323659f8 size = 1, maxSize = 32, parentContextCount = 0, hitCount = 13, missCount = 1]
12:53:52.810 [main] DEBUG org.springframework.test.context.support.AbstractDirtiesContextTestExecutionListener - Before test method: class [MyTest], method [testSelectUserPage], class annotated with @DirtiesContext [false] with mode [null], method annotated with @DirtiesContext [false] with mode [null]
12:53:52.810 [main] DEBUG org.springframework.test.context.cache - Spring test ApplicationContext cache statistics: [DefaultContextCache@323659f8 size = 1, maxSize = 32, parentContextCount = 0, hitCount = 14, missCount = 1]
12:53:52.810 [main] DEBUG org.springframework.test.context.cache - Spring test ApplicationContext cache statistics: [DefaultContextCache@323659f8 size = 1, maxSize = 32, parentContextCount = 0, hitCount = 15, missCount = 1]
12:53:52.810 [main] DEBUG org.springframework.jdbc.datasource.DataSourceTransactionManager - Creating new transaction with name [com.ruanda.service.impl.UserServiceImpl.selectUserPage]: PROPAGATION_REQUIRED,ISOLATION_DEFAULT,readOnly
12:53:52.811 [main] DEBUG org.springframework.jdbc.datasource.DataSourceTransactionManager - Acquired Connection [com.mysql.cj.jdbc.ConnectionImpl@51e0301d] for JDBC transaction
12:53:52.811 [main] DEBUG org.springframework.jdbc.datasource.DataSourceUtils - Setting JDBC Connection [com.mysql.cj.jdbc.ConnectionImpl@51e0301d] read-only
12:53:52.812 [main] DEBUG org.springframework.jdbc.datasource.DataSourceTransactionManager - Switching JDBC Connection [com.mysql.cj.jdbc.ConnectionImpl@51e0301d] to manual commit
12:53:52.815 [main] DEBUG org.mybatis.spring.SqlSessionUtils - Creating a new SqlSession
12:53:52.815 [main] DEBUG org.mybatis.spring.SqlSessionUtils - Registering transaction synchronization for SqlSession [org.apache.ibatis.session.defaults.DefaultSqlSession@7c3ebc6b]
12:53:52.840 [main] DEBUG org.mybatis.spring.transaction.SpringManagedTransaction - JDBC Connection [com.mysql.cj.jdbc.ConnectionImpl@51e0301d] will be managed by Spring
12:53:52.840 [main] DEBUG com.ruanda.mapper.UserMapper.selectUserPage - ==>  Preparing: select user_id,card_type,card_no,user_name,user_sex,user_age,user_role from user WHERE user_name like concat('%',?,'%') and user_sex = ? limit ?,5
12:53:52.841 [main] DEBUG com.ruanda.mapper.UserMapper.selectUserPage - ==> Parameters: 三(String), 男(String), 0(Integer)
12:53:52.844 [main] DEBUG com.ruanda.mapper.UserMapper.selectUserPage - <==      Total: 0
12:53:52.844 [main] DEBUG org.mybatis.spring.SqlSessionUtils - Releasing transactional SqlSession [org.apache.ibatis.session.defaults.DefaultSqlSession@7c3ebc6b]
12:53:52.844 [main] DEBUG org.mybatis.spring.SqlSessionUtils - Transaction synchronization committing SqlSession [org.apache.ibatis.session.defaults.DefaultSqlSession@7c3ebc6b]
12:53:52.844 [main] DEBUG org.mybatis.spring.SqlSessionUtils - Transaction synchronization deregistering SqlSession [org.apache.ibatis.session.defaults.DefaultSqlSession@7c3ebc6b]
12:53:52.844 [main] DEBUG org.mybatis.spring.SqlSessionUtils - Transaction synchronization closing SqlSession [org.apache.ibatis.session.defaults.DefaultSqlSession@7c3ebc6b]
12:53:52.844 [main] DEBUG org.springframework.jdbc.datasource.DataSourceTransactionManager - Initiating transaction commit
12:53:52.845 [main] DEBUG org.springframework.jdbc.datasource.DataSourceTransactionManager - Committing JDBC transaction on Connection [com.mysql.cj.jdbc.ConnectionImpl@51e0301d]
12:53:52.846 [main] DEBUG org.springframework.jdbc.datasource.DataSourceUtils - Resetting read-only flag of JDBC Connection [com.mysql.cj.jdbc.ConnectionImpl@51e0301d]
12:53:52.846 [main] DEBUG org.springframework.jdbc.datasource.DataSourceTransactionManager - Releasing JDBC Connection [com.mysql.cj.jdbc.ConnectionImpl@51e0301d] after transaction
12:53:52.847 [main] DEBUG org.springframework.test.context.cache - Spring test ApplicationContext cache statistics: [DefaultContextCache@323659f8 size = 1, maxSize = 32, parentContextCount = 0, hitCount = 16, missCount = 1]
12:53:52.847 [main] DEBUG org.springframework.test.context.cache - Spring test ApplicationContext cache statistics: [DefaultContextCache@323659f8 size = 1, maxSize = 32, parentContextCount = 0, hitCount = 17, missCount = 1]
12:53:52.847 [main] DEBUG org.springframework.test.context.support.AbstractDirtiesContextTestExecutionListener - After test method: class [MyTest], method [testSelectUserPage], class annotated with @DirtiesContext [false] with mode [null], method annotated with @DirtiesContext [false] with mode [null]
]]></system-out>
  </testcase>
  <testcase name="textDeleteUserByIdList" classname="tes.MyTest" time="0.009">
    <system-out><![CDATA[12:53:52.847 [main] DEBUG org.springframework.test.annotation.ProfileValueUtils - Retrieved @ProfileValueSourceConfiguration [null] for test class [tes.MyTest]
12:53:52.848 [main] DEBUG org.springframework.test.annotation.ProfileValueUtils - Retrieved ProfileValueSource type [class org.springframework.test.annotation.SystemProfileValueSource] for class [tes.MyTest]
12:53:52.848 [main] DEBUG org.springframework.test.context.support.DependencyInjectionTestExecutionListener - Performing dependency injection for test class tes.MyTest
12:53:52.848 [main] DEBUG org.springframework.test.context.cache - Spring test ApplicationContext cache statistics: [DefaultContextCache@323659f8 size = 1, maxSize = 32, parentContextCount = 0, hitCount = 18, missCount = 1]
12:53:52.848 [main] DEBUG org.springframework.test.context.cache - Spring test ApplicationContext cache statistics: [DefaultContextCache@323659f8 size = 1, maxSize = 32, parentContextCount = 0, hitCount = 19, missCount = 1]
12:53:52.848 [main] DEBUG org.springframework.test.context.support.AbstractDirtiesContextTestExecutionListener - Before test method: class [MyTest], method [textDeleteUserByIdList], class annotated with @DirtiesContext [false] with mode [null], method annotated with @DirtiesContext [false] with mode [null]
12:53:52.848 [main] DEBUG org.springframework.test.context.cache - Spring test ApplicationContext cache statistics: [DefaultContextCache@323659f8 size = 1, maxSize = 32, parentContextCount = 0, hitCount = 20, missCount = 1]
12:53:52.848 [main] DEBUG org.springframework.test.context.cache - Spring test ApplicationContext cache statistics: [DefaultContextCache@323659f8 size = 1, maxSize = 32, parentContextCount = 0, hitCount = 21, missCount = 1]
12:53:52.849 [main] DEBUG org.springframework.jdbc.datasource.DataSourceTransactionManager - Creating new transaction with name [com.ruanda.service.impl.UserServiceImpl.deleteUserByIdList]: PROPAGATION_REQUIRED,ISOLATION_DEFAULT
12:53:52.849 [main] DEBUG org.springframework.jdbc.datasource.DataSourceTransactionManager - Acquired Connection [com.mysql.cj.jdbc.ConnectionImpl@51e0301d] for JDBC transaction
12:53:52.849 [main] DEBUG org.springframework.jdbc.datasource.DataSourceTransactionManager - Switching JDBC Connection [com.mysql.cj.jdbc.ConnectionImpl@51e0301d] to manual commit
12:53:52.850 [main] DEBUG org.mybatis.spring.SqlSessionUtils - Creating a new SqlSession
12:53:52.850 [main] DEBUG org.mybatis.spring.SqlSessionUtils - Registering transaction synchronization for SqlSession [org.apache.ibatis.session.defaults.DefaultSqlSession@4e61e4c2]
12:53:52.852 [main] DEBUG org.mybatis.spring.transaction.SpringManagedTransaction - JDBC Connection [com.mysql.cj.jdbc.ConnectionImpl@51e0301d] will be managed by Spring
12:53:52.852 [main] DEBUG com.ruanda.mapper.UserMapper.deleteUserByIdList - ==>  Preparing: delete from user where user_id in ( ? )
12:53:52.852 [main] DEBUG com.ruanda.mapper.UserMapper.deleteUserByIdList - ==> Parameters: 1234561231545(String)
12:53:52.854 [main] DEBUG com.ruanda.mapper.UserMapper.deleteUserByIdList - <==    Updates: 1
12:53:52.855 [main] DEBUG org.mybatis.spring.SqlSessionUtils - Releasing transactional SqlSession [org.apache.ibatis.session.defaults.DefaultSqlSession@4e61e4c2]
12:53:52.855 [main] DEBUG org.mybatis.spring.SqlSessionUtils - Transaction synchronization committing SqlSession [org.apache.ibatis.session.defaults.DefaultSqlSession@4e61e4c2]
12:53:52.855 [main] DEBUG org.mybatis.spring.SqlSessionUtils - Transaction synchronization deregistering SqlSession [org.apache.ibatis.session.defaults.DefaultSqlSession@4e61e4c2]
12:53:52.855 [main] DEBUG org.mybatis.spring.SqlSessionUtils - Transaction synchronization closing SqlSession [org.apache.ibatis.session.defaults.DefaultSqlSession@4e61e4c2]
12:53:52.855 [main] DEBUG org.springframework.jdbc.datasource.DataSourceTransactionManager - Initiating transaction commit
12:53:52.855 [main] DEBUG org.springframework.jdbc.datasource.DataSourceTransactionManager - Committing JDBC transaction on Connection [com.mysql.cj.jdbc.ConnectionImpl@51e0301d]
12:53:52.856 [main] DEBUG org.springframework.jdbc.datasource.DataSourceTransactionManager - Releasing JDBC Connection [com.mysql.cj.jdbc.ConnectionImpl@51e0301d] after transaction
12:53:52.857 [main] DEBUG org.springframework.test.context.cache - Spring test ApplicationContext cache statistics: [DefaultContextCache@323659f8 size = 1, maxSize = 32, parentContextCount = 0, hitCount = 22, missCount = 1]
12:53:52.857 [main] DEBUG org.springframework.test.context.cache - Spring test ApplicationContext cache statistics: [DefaultContextCache@323659f8 size = 1, maxSize = 32, parentContextCount = 0, hitCount = 23, missCount = 1]
12:53:52.857 [main] DEBUG org.springframework.test.context.support.AbstractDirtiesContextTestExecutionListener - After test method: class [MyTest], method [textDeleteUserByIdList], class annotated with @DirtiesContext [false] with mode [null], method annotated with @DirtiesContext [false] with mode [null]
]]></system-out>
  </testcase>
  <testcase name="textUpdateUserById" classname="tes.MyTest" time="0.008">
    <system-out><![CDATA[12:53:52.857 [main] DEBUG org.springframework.test.annotation.ProfileValueUtils - Retrieved @ProfileValueSourceConfiguration [null] for test class [tes.MyTest]
12:53:52.857 [main] DEBUG org.springframework.test.annotation.ProfileValueUtils - Retrieved ProfileValueSource type [class org.springframework.test.annotation.SystemProfileValueSource] for class [tes.MyTest]
12:53:52.857 [main] DEBUG org.springframework.test.context.support.DependencyInjectionTestExecutionListener - Performing dependency injection for test class tes.MyTest
12:53:52.857 [main] DEBUG org.springframework.test.context.cache - Spring test ApplicationContext cache statistics: [DefaultContextCache@323659f8 size = 1, maxSize = 32, parentContextCount = 0, hitCount = 24, missCount = 1]
12:53:52.858 [main] DEBUG org.springframework.test.context.cache - Spring test ApplicationContext cache statistics: [DefaultContextCache@323659f8 size = 1, maxSize = 32, parentContextCount = 0, hitCount = 25, missCount = 1]
12:53:52.858 [main] DEBUG org.springframework.test.context.support.AbstractDirtiesContextTestExecutionListener - Before test method: class [MyTest], method [textUpdateUserById], class annotated with @DirtiesContext [false] with mode [null], method annotated with @DirtiesContext [false] with mode [null]
12:53:52.858 [main] DEBUG org.springframework.test.context.cache - Spring test ApplicationContext cache statistics: [DefaultContextCache@323659f8 size = 1, maxSize = 32, parentContextCount = 0, hitCount = 26, missCount = 1]
12:53:52.858 [main] DEBUG org.springframework.test.context.cache - Spring test ApplicationContext cache statistics: [DefaultContextCache@323659f8 size = 1, maxSize = 32, parentContextCount = 0, hitCount = 27, missCount = 1]
12:53:52.859 [main] DEBUG org.springframework.jdbc.datasource.DataSourceTransactionManager - Creating new transaction with name [com.ruanda.service.impl.UserServiceImpl.updateUserById]: PROPAGATION_REQUIRED,ISOLATION_DEFAULT
12:53:52.859 [main] DEBUG org.springframework.jdbc.datasource.DataSourceTransactionManager - Acquired Connection [com.mysql.cj.jdbc.ConnectionImpl@51e0301d] for JDBC transaction
12:53:52.859 [main] DEBUG org.springframework.jdbc.datasource.DataSourceTransactionManager - Switching JDBC Connection [com.mysql.cj.jdbc.ConnectionImpl@51e0301d] to manual commit
12:53:52.860 [main] DEBUG org.mybatis.spring.SqlSessionUtils - Creating a new SqlSession
12:53:52.860 [main] DEBUG org.mybatis.spring.SqlSessionUtils - Registering transaction synchronization for SqlSession [org.apache.ibatis.session.defaults.DefaultSqlSession@6e0cff20]
12:53:52.861 [main] DEBUG org.mybatis.spring.transaction.SpringManagedTransaction - JDBC Connection [com.mysql.cj.jdbc.ConnectionImpl@51e0301d] will be managed by Spring
12:53:52.861 [main] DEBUG com.ruanda.mapper.UserMapper.updateUserById - ==>  Preparing: update user SET card_no = ?, card_type = ?, user_name = ?, user_sex = ?, user_age = ?, user_role = ? where 1 = 1 and user_id = ?
12:53:52.862 [main] DEBUG com.ruanda.mapper.UserMapper.updateUserById - ==> Parameters: 4354231265(String), 身份证(String), 天湖(String), 女(String), 23(String), 工人(String), 1234561231545(String)
12:53:52.864 [main] DEBUG com.ruanda.mapper.UserMapper.updateUserById - <==    Updates: 0
12:53:52.864 [main] DEBUG org.mybatis.spring.SqlSessionUtils - Releasing transactional SqlSession [org.apache.ibatis.session.defaults.DefaultSqlSession@6e0cff20]
12:53:52.864 [main] DEBUG org.mybatis.spring.SqlSessionUtils - Transaction synchronization committing SqlSession [org.apache.ibatis.session.defaults.DefaultSqlSession@6e0cff20]
12:53:52.864 [main] DEBUG org.mybatis.spring.SqlSessionUtils - Transaction synchronization deregistering SqlSession [org.apache.ibatis.session.defaults.DefaultSqlSession@6e0cff20]
12:53:52.864 [main] DEBUG org.mybatis.spring.SqlSessionUtils - Transaction synchronization closing SqlSession [org.apache.ibatis.session.defaults.DefaultSqlSession@6e0cff20]
12:53:52.864 [main] DEBUG org.springframework.jdbc.datasource.DataSourceTransactionManager - Initiating transaction commit
12:53:52.864 [main] DEBUG org.springframework.jdbc.datasource.DataSourceTransactionManager - Committing JDBC transaction on Connection [com.mysql.cj.jdbc.ConnectionImpl@51e0301d]
12:53:52.865 [main] DEBUG org.springframework.jdbc.datasource.DataSourceTransactionManager - Releasing JDBC Connection [com.mysql.cj.jdbc.ConnectionImpl@51e0301d] after transaction
12:53:52.865 [main] DEBUG org.springframework.test.context.cache - Spring test ApplicationContext cache statistics: [DefaultContextCache@323659f8 size = 1, maxSize = 32, parentContextCount = 0, hitCount = 28, missCount = 1]
12:53:52.865 [main] DEBUG org.springframework.test.context.cache - Spring test ApplicationContext cache statistics: [DefaultContextCache@323659f8 size = 1, maxSize = 32, parentContextCount = 0, hitCount = 29, missCount = 1]
12:53:52.866 [main] DEBUG org.springframework.test.context.support.AbstractDirtiesContextTestExecutionListener - After test method: class [MyTest], method [textUpdateUserById], class annotated with @DirtiesContext [false] with mode [null], method annotated with @DirtiesContext [false] with mode [null]
]]></system-out>
  </testcase>
  <testcase name="testGetRowCount" classname="tes.MyTest" time="0.008">
    <system-out><![CDATA[12:53:52.866 [main] DEBUG org.springframework.test.annotation.ProfileValueUtils - Retrieved @ProfileValueSourceConfiguration [null] for test class [tes.MyTest]
12:53:52.866 [main] DEBUG org.springframework.test.annotation.ProfileValueUtils - Retrieved ProfileValueSource type [class org.springframework.test.annotation.SystemProfileValueSource] for class [tes.MyTest]
12:53:52.866 [main] DEBUG org.springframework.test.context.support.DependencyInjectionTestExecutionListener - Performing dependency injection for test class tes.MyTest
12:53:52.866 [main] DEBUG org.springframework.test.context.cache - Spring test ApplicationContext cache statistics: [DefaultContextCache@323659f8 size = 1, maxSize = 32, parentContextCount = 0, hitCount = 30, missCount = 1]
12:53:52.866 [main] DEBUG org.springframework.test.context.cache - Spring test ApplicationContext cache statistics: [DefaultContextCache@323659f8 size = 1, maxSize = 32, parentContextCount = 0, hitCount = 31, missCount = 1]
12:53:52.867 [main] DEBUG org.springframework.test.context.support.AbstractDirtiesContextTestExecutionListener - Before test method: class [MyTest], method [testGetRowCount], class annotated with @DirtiesContext [false] with mode [null], method annotated with @DirtiesContext [false] with mode [null]
12:53:52.867 [main] DEBUG org.springframework.test.context.cache - Spring test ApplicationContext cache statistics: [DefaultContextCache@323659f8 size = 1, maxSize = 32, parentContextCount = 0, hitCount = 32, missCount = 1]
12:53:52.867 [main] DEBUG org.springframework.test.context.cache - Spring test ApplicationContext cache statistics: [DefaultContextCache@323659f8 size = 1, maxSize = 32, parentContextCount = 0, hitCount = 33, missCount = 1]
12:53:52.868 [main] DEBUG org.springframework.jdbc.datasource.DataSourceTransactionManager - Creating new transaction with name [com.ruanda.service.impl.UserServiceImpl.getRowCount]: PROPAGATION_REQUIRED,ISOLATION_DEFAULT,readOnly
12:53:52.868 [main] DEBUG org.springframework.jdbc.datasource.DataSourceTransactionManager - Acquired Connection [com.mysql.cj.jdbc.ConnectionImpl@51e0301d] for JDBC transaction
12:53:52.868 [main] DEBUG org.springframework.jdbc.datasource.DataSourceUtils - Setting JDBC Connection [com.mysql.cj.jdbc.ConnectionImpl@51e0301d] read-only
12:53:52.869 [main] DEBUG org.springframework.jdbc.datasource.DataSourceTransactionManager - Switching JDBC Connection [com.mysql.cj.jdbc.ConnectionImpl@51e0301d] to manual commit
12:53:52.869 [main] DEBUG org.mybatis.spring.SqlSessionUtils - Creating a new SqlSession
12:53:52.869 [main] DEBUG org.mybatis.spring.SqlSessionUtils - Registering transaction synchronization for SqlSession [org.apache.ibatis.session.defaults.DefaultSqlSession@77c7ed8e]
12:53:52.870 [main] DEBUG org.mybatis.spring.transaction.SpringManagedTransaction - JDBC Connection [com.mysql.cj.jdbc.ConnectionImpl@51e0301d] will be managed by Spring
12:53:52.870 [main] DEBUG com.ruanda.mapper.UserMapper.getRowCount - ==>  Preparing: select count(*) from user WHERE user_sex = ?
12:53:52.870 [main] DEBUG com.ruanda.mapper.UserMapper.getRowCount - ==> Parameters: 男(String)
12:53:52.873 [main] DEBUG com.ruanda.mapper.UserMapper.getRowCount - <==      Total: 1
12:53:52.874 [main] DEBUG org.mybatis.spring.SqlSessionUtils - Releasing transactional SqlSession [org.apache.ibatis.session.defaults.DefaultSqlSession@77c7ed8e]
12:53:52.874 [main] DEBUG org.mybatis.spring.SqlSessionUtils - Transaction synchronization committing SqlSession [org.apache.ibatis.session.defaults.DefaultSqlSession@77c7ed8e]
12:53:52.874 [main] DEBUG org.mybatis.spring.SqlSessionUtils - Transaction synchronization deregistering SqlSession [org.apache.ibatis.session.defaults.DefaultSqlSession@77c7ed8e]
12:53:52.874 [main] DEBUG org.mybatis.spring.SqlSessionUtils - Transaction synchronization closing SqlSession [org.apache.ibatis.session.defaults.DefaultSqlSession@77c7ed8e]
12:53:52.874 [main] DEBUG org.springframework.jdbc.datasource.DataSourceTransactionManager - Initiating transaction commit
12:53:52.874 [main] DEBUG org.springframework.jdbc.datasource.DataSourceTransactionManager - Committing JDBC transaction on Connection [com.mysql.cj.jdbc.ConnectionImpl@51e0301d]
12:53:52.875 [main] DEBUG org.springframework.jdbc.datasource.DataSourceUtils - Resetting read-only flag of JDBC Connection [com.mysql.cj.jdbc.ConnectionImpl@51e0301d]
12:53:52.875 [main] DEBUG org.springframework.jdbc.datasource.DataSourceTransactionManager - Releasing JDBC Connection [com.mysql.cj.jdbc.ConnectionImpl@51e0301d] after transaction
4
12:53:52.875 [main] DEBUG org.springframework.test.context.cache - Spring test ApplicationContext cache statistics: [DefaultContextCache@323659f8 size = 1, maxSize = 32, parentContextCount = 0, hitCount = 34, missCount = 1]
12:53:52.875 [main] DEBUG org.springframework.test.context.cache - Spring test ApplicationContext cache statistics: [DefaultContextCache@323659f8 size = 1, maxSize = 32, parentContextCount = 0, hitCount = 35, missCount = 1]
12:53:52.875 [main] DEBUG org.springframework.test.context.support.AbstractDirtiesContextTestExecutionListener - After test method: class [MyTest], method [testGetRowCount], class annotated with @DirtiesContext [false] with mode [null], method annotated with @DirtiesContext [false] with mode [null]
]]></system-out>
  </testcase>
  <testcase name="testdeleteUserById" classname="tes.MyTest" time="0.005">
    <system-out><![CDATA[12:53:52.876 [main] DEBUG org.springframework.test.annotation.ProfileValueUtils - Retrieved @ProfileValueSourceConfiguration [null] for test class [tes.MyTest]
12:53:52.876 [main] DEBUG org.springframework.test.annotation.ProfileValueUtils - Retrieved ProfileValueSource type [class org.springframework.test.annotation.SystemProfileValueSource] for class [tes.MyTest]
12:53:52.876 [main] DEBUG org.springframework.test.context.support.DependencyInjectionTestExecutionListener - Performing dependency injection for test class tes.MyTest
12:53:52.876 [main] DEBUG org.springframework.test.context.cache - Spring test ApplicationContext cache statistics: [DefaultContextCache@323659f8 size = 1, maxSize = 32, parentContextCount = 0, hitCount = 36, missCount = 1]
12:53:52.876 [main] DEBUG org.springframework.test.context.cache - Spring test ApplicationContext cache statistics: [DefaultContextCache@323659f8 size = 1, maxSize = 32, parentContextCount = 0, hitCount = 37, missCount = 1]
12:53:52.876 [main] DEBUG org.springframework.test.context.support.AbstractDirtiesContextTestExecutionListener - Before test method: class [MyTest], method [testdeleteUserById], class annotated with @DirtiesContext [false] with mode [null], method annotated with @DirtiesContext [false] with mode [null]
12:53:52.876 [main] DEBUG org.springframework.test.context.cache - Spring test ApplicationContext cache statistics: [DefaultContextCache@323659f8 size = 1, maxSize = 32, parentContextCount = 0, hitCount = 38, missCount = 1]
12:53:52.877 [main] DEBUG org.springframework.test.context.cache - Spring test ApplicationContext cache statistics: [DefaultContextCache@323659f8 size = 1, maxSize = 32, parentContextCount = 0, hitCount = 39, missCount = 1]
12:53:52.877 [main] DEBUG org.springframework.jdbc.datasource.DataSourceTransactionManager - Creating new transaction with name [com.ruanda.service.impl.UserServiceImpl.deleteUserById]: PROPAGATION_REQUIRED,ISOLATION_DEFAULT
12:53:52.877 [main] DEBUG org.springframework.jdbc.datasource.DataSourceTransactionManager - Acquired Connection [com.mysql.cj.jdbc.ConnectionImpl@51e0301d] for JDBC transaction
12:53:52.877 [main] DEBUG org.springframework.jdbc.datasource.DataSourceTransactionManager - Switching JDBC Connection [com.mysql.cj.jdbc.ConnectionImpl@51e0301d] to manual commit
12:53:52.878 [main] DEBUG org.mybatis.spring.SqlSessionUtils - Creating a new SqlSession
12:53:52.878 [main] DEBUG org.mybatis.spring.SqlSessionUtils - Registering transaction synchronization for SqlSession [org.apache.ibatis.session.defaults.DefaultSqlSession@b8e246c]
12:53:52.878 [main] DEBUG org.mybatis.spring.transaction.SpringManagedTransaction - JDBC Connection [com.mysql.cj.jdbc.ConnectionImpl@51e0301d] will be managed by Spring
12:53:52.878 [main] DEBUG com.ruanda.mapper.UserMapper.deleteUserById - ==>  Preparing: delete from user where user_id = ?
12:53:52.879 [main] DEBUG com.ruanda.mapper.UserMapper.deleteUserById - ==> Parameters: 15968162087363060(String)
12:53:52.880 [main] DEBUG com.ruanda.mapper.UserMapper.deleteUserById - <==    Updates: 0
12:53:52.880 [main] DEBUG org.mybatis.spring.SqlSessionUtils - Releasing transactional SqlSession [org.apache.ibatis.session.defaults.DefaultSqlSession@b8e246c]
12:53:52.880 [main] DEBUG org.mybatis.spring.SqlSessionUtils - Transaction synchronization committing SqlSession [org.apache.ibatis.session.defaults.DefaultSqlSession@b8e246c]
12:53:52.880 [main] DEBUG org.mybatis.spring.SqlSessionUtils - Transaction synchronization deregistering SqlSession [org.apache.ibatis.session.defaults.DefaultSqlSession@b8e246c]
12:53:52.880 [main] DEBUG org.mybatis.spring.SqlSessionUtils - Transaction synchronization closing SqlSession [org.apache.ibatis.session.defaults.DefaultSqlSession@b8e246c]
12:53:52.880 [main] DEBUG org.springframework.jdbc.datasource.DataSourceTransactionManager - Initiating transaction commit
12:53:52.880 [main] DEBUG org.springframework.jdbc.datasource.DataSourceTransactionManager - Committing JDBC transaction on Connection [com.mysql.cj.jdbc.ConnectionImpl@51e0301d]
12:53:52.881 [main] DEBUG org.springframework.jdbc.datasource.DataSourceTransactionManager - Releasing JDBC Connection [com.mysql.cj.jdbc.ConnectionImpl@51e0301d] after transaction
0
12:53:52.881 [main] DEBUG org.springframework.test.context.cache - Spring test ApplicationContext cache statistics: [DefaultContextCache@323659f8 size = 1, maxSize = 32, parentContextCount = 0, hitCount = 40, missCount = 1]
12:53:52.881 [main] DEBUG org.springframework.test.context.cache - Spring test ApplicationContext cache statistics: [DefaultContextCache@323659f8 size = 1, maxSize = 32, parentContextCount = 0, hitCount = 41, missCount = 1]
12:53:52.881 [main] DEBUG org.springframework.test.context.support.AbstractDirtiesContextTestExecutionListener - After test method: class [MyTest], method [testdeleteUserById], class annotated with @DirtiesContext [false] with mode [null], method annotated with @DirtiesContext [false] with mode [null]
]]></system-out>
  </testcase>
</testsuite>